<?xml version="1.0" encoding="UTF-8"?>
<!-- Generated by org.testng.reporters.JUnitReportReporter -->
<testsuite hostname="mohammads-MacBook-Air.local" failures="0" tests="1" name="annotations.Assertions" time="10.304" errors="0" timestamp="2022-01-13T01:59:08 EST" skipped="0">
  <testcase classname="annotations.Assertions" name="checkTitle" time="10.304"/>
  <system-out/>
</testsuite> <!-- annotations.Assertions -->
