<?xml version="1.0" encoding="UTF-8"?>
<!-- Generated by org.testng.reporters.JUnitReportReporter -->
<testsuite hostname="mohammads-MacBook-Air.local" failures="0" tests="3" name="annotations.BeforeAfterTestMethod" time="0.019" errors="0" timestamp="2022-01-12T07:49:54 EST" skipped="0">
  <testcase classname="annotations.BeforeAfterTestMethod" name="test2" time="0.006"/>
  <system-out/>
  <testcase classname="annotations.BeforeAfterTestMethod" name="test" time="0.001"/>
  <system-out/>
  <testcase classname="annotations.BeforeAfterTestMethod" name="test1" time="0.012"/>
  <system-out/>
</testsuite> <!-- annotations.BeforeAfterTestMethod -->
