<?xml version="1.0" encoding="UTF-8"?>
<!-- Generated by org.testng.reporters.JUnitReportReporter -->
<testsuite hostname="mohammads-MacBook-Air.local" failures="0" tests="13" name="Homework.Cvs" time="0.030" errors="0" timestamp="2022-01-11T15:56:01 EST" skipped="0">
  <testcase classname="Homework.Cvs" name="beforeTest" time="0.003"/>
  <system-out/>
  <testcase classname="Homework.Cvs" name="afterClass" time="0.009"/>
  <system-out/>
  <testcase classname="Homework.Cvs" name="afterSuite" time="0.002"/>
  <system-out/>
  <testcase classname="Homework.Cvs" name="test5" time="0.000"/>
  <system-out/>
  <testcase classname="Homework.Cvs" name="beforeSuite" time="0.002"/>
  <system-out/>
  <testcase classname="Homework.Cvs" name="afterMethod" time="0.001"/>
  <system-out/>
  <testcase classname="Homework.Cvs" name="beforeClass" time="0.002"/>
  <system-out/>
  <testcase classname="Homework.Cvs" name="beforeMethod" time="0.003"/>
  <system-out/>
  <testcase classname="Homework.Cvs" name="afterTest" time="0.001"/>
  <system-out/>
  <testcase classname="Homework.Cvs" name="test" time="0.001"/>
  <system-out/>
  <testcase classname="Homework.Cvs" name="test2" time="0.003"/>
  <system-out/>
  <testcase classname="Homework.Cvs" name="test3" time="0.001"/>
  <system-out/>
  <testcase classname="Homework.Cvs" name="test4" time="0.002"/>
  <system-out/>
</testsuite> <!-- Homework.Cvs -->
