<?xml version="1.0" encoding="UTF-8"?>
<!-- Generated by org.testng.reporters.JUnitReportReporter -->
<testsuite hostname="mohammads-MacBook-Air.local" failures="0" tests="2" name="Homework.LoginTest" time="0.012" errors="0" timestamp="2022-01-11T14:39:10 EST" skipped="0">
  <testcase classname="Homework.LoginTest" name="login" time="0.009"/>
  <system-out/>
  <testcase classname="Homework.LoginTest" name="name" time="0.003"/>
  <system-out/>
</testsuite> <!-- Homework.LoginTest -->
